<?xml version="1.0" encoding="UTF-8"?>
<!-- Generated by org.testng.reporters.JUnitXMLReporter -->
<testsuite ignored="0" hostname="DESKTOP-5GHNI8Q" failures="0" tests="1" name="Test-Runner-1" time="133.399" errors="0" timestamp="2024-01-03T20:24:28 GMT-06:00">
  <testcase classname="ContactTest.CreateContactTextwithLeadSource" name="CreateContactWithMandatoryInfo" time="67.059"/>
</testsuite> <!-- Test-Runner-1 -->
