<?xml version="1.0" encoding="UTF-8"?>
<!-- Generated by org.testng.reporters.JUnitReportReporter -->
<testsuite hostname="DESKTOP-5GHNI8Q" failures="0" tests="1" name="Practice.testNgPractice" time="0.038" errors="0" timestamp="2023-12-28T20:27:27 GMT-06:00" skipped="0">
  <testcase classname="Practice.testNgPractice" name="sample" time="0.038"/>
</testsuite> <!-- Practice.testNgPractice -->
