<?xml version="1.0" encoding="UTF-8"?>
<!-- Generated by org.testng.reporters.JUnitReportReporter -->
<testsuite hostname="DESKTOP-5GHNI8Q" failures="0" tests="1" name="Practice.ReadDataFromCmdLine" time="0.041" errors="0" timestamp="2024-01-15T20:04:37 GMT-06:00" skipped="0">
  <testcase classname="Practice.ReadDataFromCmdLine" name="sample" time="0.041"/>
</testsuite> <!-- Practice.ReadDataFromCmdLine -->
