<?xml version="1.0" encoding="UTF-8"?>
<!-- Generated by org.testng.reporters.JUnitReportReporter -->
<testsuite hostname="DESKTOP-5GHNI8Q" failures="0" tests="1" name="ContactTest.CreateContactTextwithLeadSource" time="53.440" errors="0" timestamp="2024-01-08T21:55:12 GMT-06:00" skipped="0">
  <testcase classname="ContactTest.CreateContactTextwithLeadSource" name="CreateContactWithMandatoryInfo" time="53.440"/>
</testsuite> <!-- ContactTest.CreateContactTextwithLeadSource -->
